============================= test session starts =============================
platform win32 -- Python 3.14.2, pytest-9.1.1, pluggy-1.6.0
rootdir: C:\Users\zaree\Bid-Factory
plugins: anyio-4.14.2
collected 53 items

tests\test_compliance_analysis.py ......                                 [ 11%]
tests\test_conflict_detection.py .....                                   [ 20%]
tests\test_orchestration.py .................                            [ 52%]
tests\test_rag.py .....                                                  [ 62%]
tests\test_requirement_extraction.py ......                              [ 73%]
tests\test_response_generation.py ......                                 [ 84%]
tests\test_review_workflow.py ........                                   [100%]

============================== warnings summary ===============================
.venv\Lib\site-packages\fastapi\testclient.py:1
  C:\Users\zaree\Bid-Factory\.venv\Lib\site-packages\fastapi\testclient.py:1: StarletteDeprecationWarning: Using `httpx` with `starlette.testclient` is deprecated; install `httpx2` instead.
    from starlette.testclient import TestClient as TestClient  # noqa

-- Docs: https://docs.pytest.org/en/stable/how-to/capture-warnings.html
======================== 53 passed, 1 warning in 2.26s ========================
