============================= test session starts =============================
platform win32 -- Python 3.14.2, pytest-9.1.1, pluggy-1.6.0
rootdir: C:\Users\zaree\Bid-Factory
plugins: anyio-4.14.2
collected 0 items / 7 errors

=================================== ERRORS ====================================
_____________ ERROR collecting tests/test_compliance_analysis.py ______________
ImportError while importing test module 'C:\Users\zaree\Bid-Factory\tests\test_compliance_analysis.py'.
Hint: make sure your test modules/packages have valid Python names.
Traceback:
..\AppData\Local\Programs\Python\Python314\Lib\importlib\__init__.py:88: in import_module
    return _bootstrap._gcd_import(name[level:], package, level)
           ^^^^^^^^^^^^^^^^^^^^^^^^^^^^^^^^^^^^^^^^^^^^^^^^^^^^
tests\test_compliance_analysis.py:3: in <module>
    from backend.schemas.compliance import ComplianceStatus
E   ModuleNotFoundError: No module named 'backend'
______________ ERROR collecting tests/test_conflict_detection.py ______________
ImportError while importing test module 'C:\Users\zaree\Bid-Factory\tests\test_conflict_detection.py'.
Hint: make sure your test modules/packages have valid Python names.
Traceback:
..\AppData\Local\Programs\Python\Python314\Lib\importlib\__init__.py:88: in import_module
    return _bootstrap._gcd_import(name[level:], package, level)
           ^^^^^^^^^^^^^^^^^^^^^^^^^^^^^^^^^^^^^^^^^^^^^^^^^^^^
tests\test_conflict_detection.py:3: in <module>
    from backend.schemas.compliance import ConflictSeverity
E   ModuleNotFoundError: No module named 'backend'
________________ ERROR collecting tests/test_orchestration.py _________________
ImportError while importing test module 'C:\Users\zaree\Bid-Factory\tests\test_orchestration.py'.
Hint: make sure your test modules/packages have valid Python names.
Traceback:
..\AppData\Local\Programs\Python\Python314\Lib\importlib\__init__.py:88: in import_module
    return _bootstrap._gcd_import(name[level:], package, level)
           ^^^^^^^^^^^^^^^^^^^^^^^^^^^^^^^^^^^^^^^^^^^^^^^^^^^^
tests\test_orchestration.py:6: in <module>
    from backend.api import routes
E   ModuleNotFoundError: No module named 'backend'
_____________________ ERROR collecting tests/test_rag.py ______________________
ImportError while importing test module 'C:\Users\zaree\Bid-Factory\tests\test_rag.py'.
Hint: make sure your test modules/packages have valid Python names.
Traceback:
..\AppData\Local\Programs\Python\Python314\Lib\importlib\__init__.py:88: in import_module
    return _bootstrap._gcd_import(name[level:], package, level)
           ^^^^^^^^^^^^^^^^^^^^^^^^^^^^^^^^^^^^^^^^^^^^^^^^^^^^
tests\test_rag.py:7: in <module>
    from backend.services.chunking import ChunkingService
E   ModuleNotFoundError: No module named 'backend'
____________ ERROR collecting tests/test_requirement_extraction.py ____________
ImportError while importing test module 'C:\Users\zaree\Bid-Factory\tests\test_requirement_extraction.py'.
Hint: make sure your test modules/packages have valid Python names.
Traceback:
..\AppData\Local\Programs\Python\Python314\Lib\importlib\__init__.py:88: in import_module
    return _bootstrap._gcd_import(name[level:], package, level)
           ^^^^^^^^^^^^^^^^^^^^^^^^^^^^^^^^^^^^^^^^^^^^^^^^^^^^
tests\test_requirement_extraction.py:5: in <module>
    from backend.schemas.requirements import RFPTextSegment
E   ModuleNotFoundError: No module named 'backend'
_____________ ERROR collecting tests/test_response_generation.py ______________
ImportError while importing test module 'C:\Users\zaree\Bid-Factory\tests\test_response_generation.py'.
Hint: make sure your test modules/packages have valid Python names.
Traceback:
..\AppData\Local\Programs\Python\Python314\Lib\importlib\__init__.py:88: in import_module
    return _bootstrap._gcd_import(name[level:], package, level)
           ^^^^^^^^^^^^^^^^^^^^^^^^^^^^^^^^^^^^^^^^^^^^^^^^^^^^
tests\test_response_generation.py:1: in <module>
    from backend.schemas.compliance import ComplianceResult, ComplianceStatus, ConflictAnalysis, ConflictSeverity
E   ModuleNotFoundError: No module named 'backend'
_______________ ERROR collecting tests/test_review_workflow.py ________________
ImportError while importing test module 'C:\Users\zaree\Bid-Factory\tests\test_review_workflow.py'.
Hint: make sure your test modules/packages have valid Python names.
Traceback:
..\AppData\Local\Programs\Python\Python314\Lib\importlib\__init__.py:88: in import_module
    return _bootstrap._gcd_import(name[level:], package, level)
           ^^^^^^^^^^^^^^^^^^^^^^^^^^^^^^^^^^^^^^^^^^^^^^^^^^^^
tests\test_review_workflow.py:6: in <module>
    from backend.schemas.compliance import ComplianceStatus
E   ModuleNotFoundError: No module named 'backend'
============================== warnings summary ===============================
.venv\Lib\site-packages\fastapi\testclient.py:1
  C:\Users\zaree\Bid-Factory\.venv\Lib\site-packages\fastapi\testclient.py:1: StarletteDeprecationWarning: Using `httpx` with `starlette.testclient` is deprecated; install `httpx2` instead.
    from starlette.testclient import TestClient as TestClient  # noqa

-- Docs: https://docs.pytest.org/en/stable/how-to/capture-warnings.html
=========================== short test summary info ===========================
ERROR tests/test_compliance_analysis.py
ERROR tests/test_conflict_detection.py
ERROR tests/test_orchestration.py
ERROR tests/test_rag.py
ERROR tests/test_requirement_extraction.py
ERROR tests/test_response_generation.py
ERROR tests/test_review_workflow.py
!!!!!!!!!!!!!!!!!!! Interrupted: 7 errors during collection !!!!!!!!!!!!!!!!!!!
======================== 1 warning, 7 errors in 1.54s =========================
